{"D:\\МИРЭА\\Фреймворк\\defect-management-system\\backend\\src\\app.js": {"path":"D:\\МИРЭА\\Фреймворк\\defect-management-system\\backend\\src\\app.js","statementMap":{"0":{"start":{"line":1,"column":16},"end":{"line":1,"column":34}},"1":{"start":{"line":2,"column":13},"end":{"line":2,"column":28}},"2":{"start":{"line":3,"column":19},"end":{"line":3,"column":49}},"3":{"start":{"line":4,"column":19},"end":{"line":4,"column":49}},"4":{"start":{"line":5,"column":22},"end":{"line":5,"column":55}},"5":{"start":{"line":6,"column":21},"end":{"line":6,"column":53}},"6":{"start":{"line":7,"column":21},"end":{"line":7,"column":53}},"7":{"start":{"line":8,"column":21},"end":{"line":8,"column":57}},"8":{"start":{"line":10,"column":12},"end":{"line":10,"column":21}},"9":{"start":{"line":12,"column":0},"end":{"line":15,"column":4}},"10":{"start":{"line":16,"column":0},"end":{"line":16,"column":24}},"11":{"start":{"line":17,"column":0},"end":{"line":17,"column":51}},"12":{"start":{"line":19,"column":0},"end":{"line":19,"column":33}},"13":{"start":{"line":20,"column":0},"end":{"line":20,"column":34}},"14":{"start":{"line":21,"column":0},"end":{"line":21,"column":40}},"15":{"start":{"line":22,"column":0},"end":{"line":22,"column":38}},"16":{"start":{"line":23,"column":0},"end":{"line":23,"column":38}},"17":{"start":{"line":25,"column":0},"end":{"line":25,"column":22}},"18":{"start":{"line":27,"column":0},"end":{"line":27,"column":55}},"19":{"start":{"line":27,"column":27},"end":{"line":27,"column":53}},"20":{"start":{"line":29,"column":0},"end":{"line":29,"column":21}}},"fnMap":{"0":{"name":"(anonymous_0)","decl":{"start":{"line":27,"column":13},"end":{"line":27,"column":14}},"loc":{"start":{"line":27,"column":27},"end":{"line":27,"column":53}},"line":27}},"branchMap":{"0":{"loc":{"start":{"line":13,"column":10},"end":{"line":13,"column":61}},"type":"binary-expr","locations":[{"start":{"line":13,"column":10},"end":{"line":13,"column":34}},{"start":{"line":13,"column":38},"end":{"line":13,"column":61}}],"line":13}},"s":{"0":0,"1":0,"2":0,"3":0,"4":0,"5":0,"6":0,"7":0,"8":0,"9":0,"10":0,"11":0,"12":0,"13":0,"14":0,"15":0,"16":0,"17":0,"18":0,"19":0,"20":0},"f":{"0":0},"b":{"0":[0,0]}}
,"D:\\МИРЭА\\Фреймворк\\defect-management-system\\backend\\src\\controllers\\authController.js": {"path":"D:\\МИРЭА\\Фреймворк\\defect-management-system\\backend\\src\\controllers\\authController.js","statementMap":{"0":{"start":{"line":1,"column":17},"end":{"line":1,"column":37}},"1":{"start":{"line":2,"column":15},"end":{"line":2,"column":32}},"2":{"start":{"line":3,"column":12},"end":{"line":3,"column":35}},"3":{"start":{"line":4,"column":18},"end":{"line":4,"column":42}},"4":{"start":{"line":5,"column":14},"end":{"line":5,"column":40}},"5":{"start":{"line":7,"column":0},"end":{"line":26,"column":2}},"6":{"start":{"line":8,"column":2},"end":{"line":25,"column":3}},"7":{"start":{"line":9,"column":58},"end":{"line":9,"column":66}},"8":{"start":{"line":10,"column":4},"end":{"line":12,"column":5}},"9":{"start":{"line":11,"column":6},"end":{"line":11,"column":100}},"10":{"start":{"line":13,"column":4},"end":{"line":15,"column":5}},"11":{"start":{"line":14,"column":6},"end":{"line":14,"column":67}},"12":{"start":{"line":16,"column":21},"end":{"line":16,"column":64}},"13":{"start":{"line":17,"column":4},"end":{"line":19,"column":5}},"14":{"start":{"line":18,"column":6},"end":{"line":18,"column":92}},"15":{"start":{"line":20,"column":17},"end":{"line":20,"column":48}},"16":{"start":{"line":21,"column":17},"end":{"line":21,"column":87}},"17":{"start":{"line":22,"column":4},"end":{"line":22,"column":84}},"18":{"start":{"line":24,"column":4},"end":{"line":24,"column":47}},"19":{"start":{"line":28,"column":0},"end":{"line":40,"column":2}},"20":{"start":{"line":29,"column":2},"end":{"line":39,"column":3}},"21":{"start":{"line":30,"column":35},"end":{"line":30,"column":43}},"22":{"start":{"line":31,"column":17},"end":{"line":31,"column":60}},"23":{"start":{"line":32,"column":4},"end":{"line":32,"column":81}},"24":{"start":{"line":32,"column":15},"end":{"line":32,"column":81}},"25":{"start":{"line":33,"column":18},"end":{"line":33,"column":63}},"26":{"start":{"line":34,"column":4},"end":{"line":34,"column":75}},"27":{"start":{"line":34,"column":16},"end":{"line":34,"column":75}},"28":{"start":{"line":35,"column":18},"end":{"line":35,"column":114}},"29":{"start":{"line":36,"column":4},"end":{"line":36,"column":133}},"30":{"start":{"line":38,"column":4},"end":{"line":38,"column":47}}},"fnMap":{"0":{"name":"(anonymous_0)","decl":{"start":{"line":7,"column":19},"end":{"line":7,"column":20}},"loc":{"start":{"line":7,"column":39},"end":{"line":26,"column":1}},"line":7},"1":{"name":"(anonymous_1)","decl":{"start":{"line":28,"column":16},"end":{"line":28,"column":17}},"loc":{"start":{"line":28,"column":36},"end":{"line":40,"column":1}},"line":28}},"branchMap":{"0":{"loc":{"start":{"line":10,"column":4},"end":{"line":12,"column":5}},"type":"if","locations":[{"start":{"line":10,"column":4},"end":{"line":12,"column":5}},{"start":{},"end":{}}],"line":10},"1":{"loc":{"start":{"line":10,"column":8},"end":{"line":10,"column":39}},"type":"binary-expr","locations":[{"start":{"line":10,"column":8},"end":{"line":10,"column":17}},{"start":{"line":10,"column":21},"end":{"line":10,"column":30}},{"start":{"line":10,"column":34},"end":{"line":10,"column":39}}],"line":10},"2":{"loc":{"start":{"line":13,"column":4},"end":{"line":15,"column":5}},"type":"if","locations":[{"start":{"line":13,"column":4},"end":{"line":15,"column":5}},{"start":{},"end":{}}],"line":13},"3":{"loc":{"start":{"line":17,"column":4},"end":{"line":19,"column":5}},"type":"if","locations":[{"start":{"line":17,"column":4},"end":{"line":19,"column":5}},{"start":{},"end":{}}],"line":17},"4":{"loc":{"start":{"line":32,"column":4},"end":{"line":32,"column":81}},"type":"if","locations":[{"start":{"line":32,"column":4},"end":{"line":32,"column":81}},{"start":{},"end":{}}],"line":32},"5":{"loc":{"start":{"line":34,"column":4},"end":{"line":34,"column":75}},"type":"if","locations":[{"start":{"line":34,"column":4},"end":{"line":34,"column":75}},{"start":{},"end":{}}],"line":34}},"s":{"0":0,"1":0,"2":0,"3":0,"4":0,"5":0,"6":0,"7":0,"8":0,"9":0,"10":0,"11":0,"12":0,"13":0,"14":0,"15":0,"16":0,"17":0,"18":0,"19":0,"20":0,"21":0,"22":0,"23":0,"24":0,"25":0,"26":0,"27":0,"28":0,"29":0,"30":0},"f":{"0":0,"1":0},"b":{"0":[0,0],"1":[0,0,0],"2":[0,0],"3":[0,0],"4":[0,0],"5":[0,0]}}
,"D:\\МИРЭА\\Фреймворк\\defect-management-system\\backend\\src\\controllers\\defectController.js": {"path":"D:\\МИРЭА\\Фреймворк\\defect-management-system\\backend\\src\\controllers\\defectController.js","statementMap":{"0":{"start":{"line":1,"column":55},"end":{"line":1,"column":75}},"1":{"start":{"line":2,"column":15},"end":{"line":2,"column":35}},"2":{"start":{"line":4,"column":0},"end":{"line":33,"column":2}},"3":{"start":{"line":5,"column":2},"end":{"line":32,"column":3}},"4":{"start":{"line":6,"column":23},"end":{"line":6,"column":32}},"5":{"start":{"line":9,"column":28},"end":{"line":9,"column":30}},"6":{"start":{"line":12,"column":4},"end":{"line":17,"column":5}},"7":{"start":{"line":13,"column":6},"end":{"line":16,"column":8}},"8":{"start":{"line":19,"column":20},"end":{"line":27,"column":6}},"9":{"start":{"line":29,"column":4},"end":{"line":29,"column":22}},"10":{"start":{"line":31,"column":4},"end":{"line":31,"column":47}},"11":{"start":{"line":35,"column":0},"end":{"line":51,"column":2}},"12":{"start":{"line":36,"column":2},"end":{"line":50,"column":3}},"13":{"start":{"line":37,"column":19},"end":{"line":45,"column":6}},"14":{"start":{"line":46,"column":4},"end":{"line":46,"column":77}},"15":{"start":{"line":46,"column":17},"end":{"line":46,"column":77}},"16":{"start":{"line":47,"column":4},"end":{"line":47,"column":21}},"17":{"start":{"line":49,"column":4},"end":{"line":49,"column":47}},"18":{"start":{"line":53,"column":0},"end":{"line":64,"column":2}},"19":{"start":{"line":54,"column":2},"end":{"line":63,"column":3}},"20":{"start":{"line":55,"column":85},"end":{"line":55,"column":93}},"21":{"start":{"line":56,"column":19},"end":{"line":59,"column":6}},"22":{"start":{"line":60,"column":4},"end":{"line":60,"column":33}},"23":{"start":{"line":62,"column":4},"end":{"line":62,"column":47}},"24":{"start":{"line":66,"column":0},"end":{"line":76,"column":2}},"25":{"start":{"line":67,"column":2},"end":{"line":75,"column":3}},"26":{"start":{"line":68,"column":74},"end":{"line":68,"column":82}},"27":{"start":{"line":69,"column":19},"end":{"line":69,"column":55}},"28":{"start":{"line":70,"column":4},"end":{"line":70,"column":77}},"29":{"start":{"line":70,"column":17},"end":{"line":70,"column":77}},"30":{"start":{"line":71,"column":4},"end":{"line":71,"column":87}},"31":{"start":{"line":72,"column":4},"end":{"line":72,"column":21}},"32":{"start":{"line":74,"column":4},"end":{"line":74,"column":47}},"33":{"start":{"line":78,"column":0},"end":{"line":87,"column":2}},"34":{"start":{"line":79,"column":2},"end":{"line":86,"column":3}},"35":{"start":{"line":80,"column":19},"end":{"line":80,"column":55}},"36":{"start":{"line":81,"column":4},"end":{"line":81,"column":77}},"37":{"start":{"line":81,"column":17},"end":{"line":81,"column":77}},"38":{"start":{"line":82,"column":4},"end":{"line":82,"column":27}},"39":{"start":{"line":83,"column":4},"end":{"line":83,"column":44}},"40":{"start":{"line":85,"column":4},"end":{"line":85,"column":47}},"41":{"start":{"line":89,"column":0},"end":{"line":109,"column":2}},"42":{"start":{"line":90,"column":2},"end":{"line":108,"column":3}},"43":{"start":{"line":91,"column":19},"end":{"line":91,"column":55}},"44":{"start":{"line":92,"column":4},"end":{"line":92,"column":77}},"45":{"start":{"line":92,"column":17},"end":{"line":92,"column":77}},"46":{"start":{"line":94,"column":4},"end":{"line":96,"column":5}},"47":{"start":{"line":95,"column":6},"end":{"line":95,"column":66}},"48":{"start":{"line":98,"column":23},"end":{"line":103,"column":6}},"49":{"start":{"line":105,"column":4},"end":{"line":105,"column":37}},"50":{"start":{"line":107,"column":4},"end":{"line":107,"column":47}}},"fnMap":{"0":{"name":"(anonymous_0)","decl":{"start":{"line":4,"column":24},"end":{"line":4,"column":25}},"loc":{"start":{"line":4,"column":44},"end":{"line":33,"column":1}},"line":4},"1":{"name":"(anonymous_1)","decl":{"start":{"line":35,"column":24},"end":{"line":35,"column":25}},"loc":{"start":{"line":35,"column":44},"end":{"line":51,"column":1}},"line":35},"2":{"name":"(anonymous_2)","decl":{"start":{"line":53,"column":23},"end":{"line":53,"column":24}},"loc":{"start":{"line":53,"column":43},"end":{"line":64,"column":1}},"line":53},"3":{"name":"(anonymous_3)","decl":{"start":{"line":66,"column":23},"end":{"line":66,"column":24}},"loc":{"start":{"line":66,"column":43},"end":{"line":76,"column":1}},"line":66},"4":{"name":"(anonymous_4)","decl":{"start":{"line":78,"column":23},"end":{"line":78,"column":24}},"loc":{"start":{"line":78,"column":43},"end":{"line":87,"column":1}},"line":78},"5":{"name":"(anonymous_5)","decl":{"start":{"line":89,"column":24},"end":{"line":89,"column":25}},"loc":{"start":{"line":89,"column":44},"end":{"line":109,"column":1}},"line":89}},"branchMap":{"0":{"loc":{"start":{"line":12,"column":4},"end":{"line":17,"column":5}},"type":"if","locations":[{"start":{"line":12,"column":4},"end":{"line":17,"column":5}},{"start":{},"end":{}}],"line":12},"1":{"loc":{"start":{"line":46,"column":4},"end":{"line":46,"column":77}},"type":"if","locations":[{"start":{"line":46,"column":4},"end":{"line":46,"column":77}},{"start":{},"end":{}}],"line":46},"2":{"loc":{"start":{"line":70,"column":4},"end":{"line":70,"column":77}},"type":"if","locations":[{"start":{"line":70,"column":4},"end":{"line":70,"column":77}},{"start":{},"end":{}}],"line":70},"3":{"loc":{"start":{"line":81,"column":4},"end":{"line":81,"column":77}},"type":"if","locations":[{"start":{"line":81,"column":4},"end":{"line":81,"column":77}},{"start":{},"end":{}}],"line":81},"4":{"loc":{"start":{"line":92,"column":4},"end":{"line":92,"column":77}},"type":"if","locations":[{"start":{"line":92,"column":4},"end":{"line":92,"column":77}},{"start":{},"end":{}}],"line":92},"5":{"loc":{"start":{"line":94,"column":4},"end":{"line":96,"column":5}},"type":"if","locations":[{"start":{"line":94,"column":4},"end":{"line":96,"column":5}},{"start":{},"end":{}}],"line":94}},"s":{"0":0,"1":0,"2":0,"3":0,"4":0,"5":0,"6":0,"7":0,"8":0,"9":0,"10":0,"11":0,"12":0,"13":0,"14":0,"15":0,"16":0,"17":0,"18":0,"19":0,"20":0,"21":0,"22":0,"23":0,"24":0,"25":0,"26":0,"27":0,"28":0,"29":0,"30":0,"31":0,"32":0,"33":0,"34":0,"35":0,"36":0,"37":0,"38":0,"39":0,"40":0,"41":0,"42":0,"43":0,"44":0,"45":0,"46":0,"47":0,"48":0,"49":0,"50":0},"f":{"0":0,"1":0,"2":0,"3":0,"4":0,"5":0},"b":{"0":[0,0],"1":[0,0],"2":[0,0],"3":[0,0],"4":[0,0],"5":[0,0]}}
,"D:\\МИРЭА\\Фреймворк\\defect-management-system\\backend\\src\\controllers\\projectController.js": {"path":"D:\\МИРЭА\\Фреймворк\\defect-management-system\\backend\\src\\controllers\\projectController.js","statementMap":{"0":{"start":{"line":1,"column":20},"end":{"line":1,"column":40}},"1":{"start":{"line":3,"column":0},"end":{"line":10,"column":2}},"2":{"start":{"line":4,"column":2},"end":{"line":9,"column":3}},"3":{"start":{"line":5,"column":21},"end":{"line":5,"column":44}},"4":{"start":{"line":6,"column":4},"end":{"line":6,"column":23}},"5":{"start":{"line":8,"column":4},"end":{"line":8,"column":47}},"6":{"start":{"line":12,"column":0},"end":{"line":20,"column":2}},"7":{"start":{"line":13,"column":2},"end":{"line":19,"column":3}},"8":{"start":{"line":14,"column":20},"end":{"line":14,"column":57}},"9":{"start":{"line":15,"column":4},"end":{"line":15,"column":78}},"10":{"start":{"line":15,"column":18},"end":{"line":15,"column":78}},"11":{"start":{"line":16,"column":4},"end":{"line":16,"column":22}},"12":{"start":{"line":18,"column":4},"end":{"line":18,"column":47}},"13":{"start":{"line":22,"column":0},"end":{"line":30,"column":2}},"14":{"start":{"line":23,"column":2},"end":{"line":29,"column":3}},"15":{"start":{"line":24,"column":41},"end":{"line":24,"column":49}},"16":{"start":{"line":25,"column":20},"end":{"line":25,"column":70}},"17":{"start":{"line":26,"column":4},"end":{"line":26,"column":34}},"18":{"start":{"line":28,"column":4},"end":{"line":28,"column":47}},"19":{"start":{"line":32,"column":0},"end":{"line":42,"column":2}},"20":{"start":{"line":33,"column":2},"end":{"line":41,"column":3}},"21":{"start":{"line":34,"column":41},"end":{"line":34,"column":49}},"22":{"start":{"line":35,"column":20},"end":{"line":35,"column":57}},"23":{"start":{"line":36,"column":4},"end":{"line":36,"column":78}},"24":{"start":{"line":36,"column":18},"end":{"line":36,"column":78}},"25":{"start":{"line":37,"column":4},"end":{"line":37,"column":55}},"26":{"start":{"line":38,"column":4},"end":{"line":38,"column":22}},"27":{"start":{"line":40,"column":4},"end":{"line":40,"column":47}},"28":{"start":{"line":44,"column":0},"end":{"line":53,"column":2}},"29":{"start":{"line":45,"column":2},"end":{"line":52,"column":3}},"30":{"start":{"line":46,"column":20},"end":{"line":46,"column":57}},"31":{"start":{"line":47,"column":4},"end":{"line":47,"column":78}},"32":{"start":{"line":47,"column":18},"end":{"line":47,"column":78}},"33":{"start":{"line":48,"column":4},"end":{"line":48,"column":28}},"34":{"start":{"line":49,"column":4},"end":{"line":49,"column":44}},"35":{"start":{"line":51,"column":4},"end":{"line":51,"column":47}}},"fnMap":{"0":{"name":"(anonymous_0)","decl":{"start":{"line":3,"column":25},"end":{"line":3,"column":26}},"loc":{"start":{"line":3,"column":45},"end":{"line":10,"column":1}},"line":3},"1":{"name":"(anonymous_1)","decl":{"start":{"line":12,"column":25},"end":{"line":12,"column":26}},"loc":{"start":{"line":12,"column":45},"end":{"line":20,"column":1}},"line":12},"2":{"name":"(anonymous_2)","decl":{"start":{"line":22,"column":24},"end":{"line":22,"column":25}},"loc":{"start":{"line":22,"column":44},"end":{"line":30,"column":1}},"line":22},"3":{"name":"(anonymous_3)","decl":{"start":{"line":32,"column":24},"end":{"line":32,"column":25}},"loc":{"start":{"line":32,"column":44},"end":{"line":42,"column":1}},"line":32},"4":{"name":"(anonymous_4)","decl":{"start":{"line":44,"column":24},"end":{"line":44,"column":25}},"loc":{"start":{"line":44,"column":44},"end":{"line":53,"column":1}},"line":44}},"branchMap":{"0":{"loc":{"start":{"line":15,"column":4},"end":{"line":15,"column":78}},"type":"if","locations":[{"start":{"line":15,"column":4},"end":{"line":15,"column":78}},{"start":{},"end":{}}],"line":15},"1":{"loc":{"start":{"line":36,"column":4},"end":{"line":36,"column":78}},"type":"if","locations":[{"start":{"line":36,"column":4},"end":{"line":36,"column":78}},{"start":{},"end":{}}],"line":36},"2":{"loc":{"start":{"line":47,"column":4},"end":{"line":47,"column":78}},"type":"if","locations":[{"start":{"line":47,"column":4},"end":{"line":47,"column":78}},{"start":{},"end":{}}],"line":47}},"s":{"0":0,"1":0,"2":0,"3":0,"4":0,"5":0,"6":0,"7":0,"8":0,"9":0,"10":0,"11":0,"12":0,"13":0,"14":0,"15":0,"16":0,"17":0,"18":0,"19":0,"20":0,"21":0,"22":0,"23":0,"24":0,"25":0,"26":0,"27":0,"28":0,"29":0,"30":0,"31":0,"32":0,"33":0,"34":0,"35":0},"f":{"0":0,"1":0,"2":0,"3":0,"4":0},"b":{"0":[0,0],"1":[0,0],"2":[0,0]}}
,"D:\\МИРЭА\\Фреймворк\\defect-management-system\\backend\\src\\controllers\\reportController.js": {"path":"D:\\МИРЭА\\Фреймворк\\defect-management-system\\backend\\src\\controllers\\reportController.js","statementMap":{"0":{"start":{"line":1,"column":34},"end":{"line":1,"column":54}},"1":{"start":{"line":2,"column":19},"end":{"line":2,"column":38}},"2":{"start":{"line":5,"column":0},"end":{"line":85,"column":2}},"3":{"start":{"line":6,"column":2},"end":{"line":84,"column":3}},"4":{"start":{"line":7,"column":26},"end":{"line":7,"column":36}},"5":{"start":{"line":10,"column":20},"end":{"line":10,"column":53}},"6":{"start":{"line":11,"column":4},"end":{"line":13,"column":5}},"7":{"start":{"line":12,"column":6},"end":{"line":12,"column":65}},"8":{"start":{"line":16,"column":20},"end":{"line":22,"column":6}},"9":{"start":{"line":25,"column":25},"end":{"line":25,"column":39}},"10":{"start":{"line":26,"column":21},"end":{"line":32,"column":5}},"11":{"start":{"line":27,"column":31},"end":{"line":27,"column":49}},"12":{"start":{"line":28,"column":39},"end":{"line":28,"column":65}},"13":{"start":{"line":29,"column":34},"end":{"line":29,"column":55}},"14":{"start":{"line":30,"column":34},"end":{"line":30,"column":55}},"15":{"start":{"line":31,"column":37},"end":{"line":31,"column":61}},"16":{"start":{"line":34,"column":23},"end":{"line":38,"column":5}},"17":{"start":{"line":35,"column":31},"end":{"line":35,"column":51}},"18":{"start":{"line":36,"column":34},"end":{"line":36,"column":57}},"19":{"start":{"line":37,"column":32},"end":{"line":37,"column":53}},"20":{"start":{"line":41,"column":27},"end":{"line":41,"column":63}},"21":{"start":{"line":42,"column":27},"end":{"line":42,"column":99}},"22":{"start":{"line":45,"column":23},"end":{"line":45,"column":25}},"23":{"start":{"line":46,"column":4},"end":{"line":53,"column":7}},"24":{"start":{"line":47,"column":6},"end":{"line":52,"column":7}},"25":{"start":{"line":48,"column":20},"end":{"line":48,"column":39}},"26":{"start":{"line":49,"column":8},"end":{"line":49,"column":53}},"27":{"start":{"line":51,"column":8},"end":{"line":51,"column":73}},"28":{"start":{"line":55,"column":4},"end":{"line":81,"column":7}},"29":{"start":{"line":69,"column":33},"end":{"line":80,"column":7}},"30":{"start":{"line":83,"column":4},"end":{"line":83,"column":47}},"31":{"start":{"line":88,"column":0},"end":{"line":128,"column":2}},"32":{"start":{"line":89,"column":2},"end":{"line":127,"column":3}},"33":{"start":{"line":90,"column":26},"end":{"line":90,"column":36}},"34":{"start":{"line":92,"column":20},"end":{"line":92,"column":53}},"35":{"start":{"line":93,"column":4},"end":{"line":95,"column":5}},"36":{"start":{"line":94,"column":6},"end":{"line":94,"column":65}},"37":{"start":{"line":97,"column":20},"end":{"line":103,"column":6}},"38":{"start":{"line":105,"column":20},"end":{"line":116,"column":7}},"39":{"start":{"line":105,"column":38},"end":{"line":116,"column":5}},"40":{"start":{"line":118,"column":19},"end":{"line":118,"column":137}},"41":{"start":{"line":119,"column":19},"end":{"line":119,"column":41}},"42":{"start":{"line":120,"column":16},"end":{"line":120,"column":37}},"43":{"start":{"line":122,"column":4},"end":{"line":122,"column":58}},"44":{"start":{"line":123,"column":4},"end":{"line":123,"column":97}},"45":{"start":{"line":124,"column":4},"end":{"line":124,"column":29}},"46":{"start":{"line":126,"column":4},"end":{"line":126,"column":47}},"47":{"start":{"line":131,"column":0},"end":{"line":148,"column":2}},"48":{"start":{"line":132,"column":2},"end":{"line":147,"column":3}},"49":{"start":{"line":133,"column":20},"end":{"line":138,"column":6}},"50":{"start":{"line":139,"column":19},"end":{"line":139,"column":82}},"51":{"start":{"line":140,"column":19},"end":{"line":140,"column":41}},"52":{"start":{"line":141,"column":16},"end":{"line":141,"column":58}},"53":{"start":{"line":141,"column":46},"end":{"line":141,"column":56}},"54":{"start":{"line":142,"column":4},"end":{"line":142,"column":43}},"55":{"start":{"line":143,"column":4},"end":{"line":143,"column":34}},"56":{"start":{"line":144,"column":4},"end":{"line":144,"column":18}},"57":{"start":{"line":146,"column":4},"end":{"line":146,"column":47}}},"fnMap":{"0":{"name":"(anonymous_0)","decl":{"start":{"line":5,"column":27},"end":{"line":5,"column":28}},"loc":{"start":{"line":5,"column":47},"end":{"line":85,"column":1}},"line":5},"1":{"name":"(anonymous_1)","decl":{"start":{"line":27,"column":26},"end":{"line":27,"column":27}},"loc":{"start":{"line":27,"column":31},"end":{"line":27,"column":49}},"line":27},"2":{"name":"(anonymous_2)","decl":{"start":{"line":28,"column":34},"end":{"line":28,"column":35}},"loc":{"start":{"line":28,"column":39},"end":{"line":28,"column":65}},"line":28},"3":{"name":"(anonymous_3)","decl":{"start":{"line":29,"column":29},"end":{"line":29,"column":30}},"loc":{"start":{"line":29,"column":34},"end":{"line":29,"column":55}},"line":29},"4":{"name":"(anonymous_4)","decl":{"start":{"line":30,"column":29},"end":{"line":30,"column":30}},"loc":{"start":{"line":30,"column":34},"end":{"line":30,"column":55}},"line":30},"5":{"name":"(anonymous_5)","decl":{"start":{"line":31,"column":32},"end":{"line":31,"column":33}},"loc":{"start":{"line":31,"column":37},"end":{"line":31,"column":61}},"line":31},"6":{"name":"(anonymous_6)","decl":{"start":{"line":35,"column":26},"end":{"line":35,"column":27}},"loc":{"start":{"line":35,"column":31},"end":{"line":35,"column":51}},"line":35},"7":{"name":"(anonymous_7)","decl":{"start":{"line":36,"column":29},"end":{"line":36,"column":30}},"loc":{"start":{"line":36,"column":34},"end":{"line":36,"column":57}},"line":36},"8":{"name":"(anonymous_8)","decl":{"start":{"line":37,"column":27},"end":{"line":37,"column":28}},"loc":{"start":{"line":37,"column":32},"end":{"line":37,"column":53}},"line":37},"9":{"name":"(anonymous_9)","decl":{"start":{"line":46,"column":20},"end":{"line":46,"column":21}},"loc":{"start":{"line":46,"column":25},"end":{"line":53,"column":5}},"line":46},"10":{"name":"(anonymous_10)","decl":{"start":{"line":69,"column":27},"end":{"line":69,"column":28}},"loc":{"start":{"line":69,"column":33},"end":{"line":80,"column":7}},"line":69},"11":{"name":"(anonymous_11)","decl":{"start":{"line":88,"column":34},"end":{"line":88,"column":35}},"loc":{"start":{"line":88,"column":54},"end":{"line":128,"column":1}},"line":88},"12":{"name":"(anonymous_12)","decl":{"start":{"line":105,"column":32},"end":{"line":105,"column":33}},"loc":{"start":{"line":105,"column":38},"end":{"line":116,"column":5}},"line":105},"13":{"name":"(anonymous_13)","decl":{"start":{"line":131,"column":27},"end":{"line":131,"column":28}},"loc":{"start":{"line":131,"column":47},"end":{"line":148,"column":1}},"line":131},"14":{"name":"(anonymous_14)","decl":{"start":{"line":141,"column":41},"end":{"line":141,"column":42}},"loc":{"start":{"line":141,"column":46},"end":{"line":141,"column":56}},"line":141}},"branchMap":{"0":{"loc":{"start":{"line":11,"column":4},"end":{"line":13,"column":5}},"type":"if","locations":[{"start":{"line":11,"column":4},"end":{"line":13,"column":5}},{"start":{},"end":{}}],"line":11},"1":{"loc":{"start":{"line":42,"column":27},"end":{"line":42,"column":99}},"type":"cond-expr","locations":[{"start":{"line":42,"column":46},"end":{"line":42,"column":95}},{"start":{"line":42,"column":98},"end":{"line":42,"column":99}}],"line":42},"2":{"loc":{"start":{"line":47,"column":6},"end":{"line":52,"column":7}},"type":"if","locations":[{"start":{"line":47,"column":6},"end":{"line":52,"column":7}},{"start":{"line":50,"column":13},"end":{"line":52,"column":7}}],"line":47},"3":{"loc":{"start":{"line":49,"column":27},"end":{"line":49,"column":47}},"type":"binary-expr","locations":[{"start":{"line":49,"column":27},"end":{"line":49,"column":42}},{"start":{"line":49,"column":46},"end":{"line":49,"column":47}}],"line":49},"4":{"loc":{"start":{"line":51,"column":37},"end":{"line":51,"column":67}},"type":"binary-expr","locations":[{"start":{"line":51,"column":37},"end":{"line":51,"column":62}},{"start":{"line":51,"column":66},"end":{"line":51,"column":67}}],"line":51},"5":{"loc":{"start":{"line":76,"column":18},"end":{"line":76,"column":57}},"type":"cond-expr","locations":[{"start":{"line":76,"column":31},"end":{"line":76,"column":50}},{"start":{"line":76,"column":53},"end":{"line":76,"column":57}}],"line":76},"6":{"loc":{"start":{"line":77,"column":19},"end":{"line":77,"column":60}},"type":"cond-expr","locations":[{"start":{"line":77,"column":33},"end":{"line":77,"column":53}},{"start":{"line":77,"column":56},"end":{"line":77,"column":60}}],"line":77},"7":{"loc":{"start":{"line":93,"column":4},"end":{"line":95,"column":5}},"type":"if","locations":[{"start":{"line":93,"column":4},"end":{"line":95,"column":5}},{"start":{},"end":{}}],"line":93},"8":{"loc":{"start":{"line":111,"column":25},"end":{"line":111,"column":50}},"type":"binary-expr","locations":[{"start":{"line":111,"column":25},"end":{"line":111,"column":34}},{"start":{"line":111,"column":38},"end":{"line":111,"column":50}}],"line":111},"9":{"loc":{"start":{"line":112,"column":18},"end":{"line":112,"column":66}},"type":"cond-expr","locations":[{"start":{"line":112,"column":31},"end":{"line":112,"column":50}},{"start":{"line":112,"column":53},"end":{"line":112,"column":66}}],"line":112},"10":{"loc":{"start":{"line":113,"column":16},"end":{"line":113,"column":65}},"type":"cond-expr","locations":[{"start":{"line":113,"column":30},"end":{"line":113,"column":50}},{"start":{"line":113,"column":53},"end":{"line":113,"column":65}}],"line":113}},"s":{"0":0,"1":0,"2":0,"3":0,"4":0,"5":0,"6":0,"7":0,"8":0,"9":0,"10":0,"11":0,"12":0,"13":0,"14":0,"15":0,"16":0,"17":0,"18":0,"19":0,"20":0,"21":0,"22":0,"23":0,"24":0,"25":0,"26":0,"27":0,"28":0,"29":0,"30":0,"31":0,"32":0,"33":0,"34":0,"35":0,"36":0,"37":0,"38":0,"39":0,"40":0,"41":0,"42":0,"43":0,"44":0,"45":0,"46":0,"47":0,"48":0,"49":0,"50":0,"51":0,"52":0,"53":0,"54":0,"55":0,"56":0,"57":0},"f":{"0":0,"1":0,"2":0,"3":0,"4":0,"5":0,"6":0,"7":0,"8":0,"9":0,"10":0,"11":0,"12":0,"13":0,"14":0},"b":{"0":[0,0],"1":[0,0],"2":[0,0],"3":[0,0],"4":[0,0],"5":[0,0],"6":[0,0],"7":[0,0],"8":[0,0],"9":[0,0],"10":[0,0]}}
,"D:\\МИРЭА\\Фреймворк\\defect-management-system\\backend\\src\\controllers\\userController.js": {"path":"D:\\МИРЭА\\Фреймворк\\defect-management-system\\backend\\src\\controllers\\userController.js","statementMap":{"0":{"start":{"line":1,"column":17},"end":{"line":1,"column":37}},"1":{"start":{"line":2,"column":14},"end":{"line":2,"column":40}},"2":{"start":{"line":4,"column":0},"end":{"line":11,"column":2}},"3":{"start":{"line":5,"column":2},"end":{"line":10,"column":3}},"4":{"start":{"line":6,"column":18},"end":{"line":6,"column":79}},"5":{"start":{"line":7,"column":4},"end":{"line":7,"column":20}},"6":{"start":{"line":9,"column":4},"end":{"line":9,"column":47}},"7":{"start":{"line":13,"column":0},"end":{"line":21,"column":2}},"8":{"start":{"line":14,"column":2},"end":{"line":20,"column":3}},"9":{"start":{"line":15,"column":17},"end":{"line":15,"column":94}},"10":{"start":{"line":16,"column":4},"end":{"line":16,"column":81}},"11":{"start":{"line":16,"column":15},"end":{"line":16,"column":81}},"12":{"start":{"line":17,"column":4},"end":{"line":17,"column":19}},"13":{"start":{"line":19,"column":4},"end":{"line":19,"column":47}},"14":{"start":{"line":23,"column":0},"end":{"line":36,"column":2}},"15":{"start":{"line":24,"column":2},"end":{"line":35,"column":3}},"16":{"start":{"line":25,"column":38},"end":{"line":25,"column":46}},"17":{"start":{"line":26,"column":17},"end":{"line":26,"column":51}},"18":{"start":{"line":27,"column":4},"end":{"line":27,"column":81}},"19":{"start":{"line":27,"column":15},"end":{"line":27,"column":81}},"20":{"start":{"line":28,"column":4},"end":{"line":30,"column":5}},"21":{"start":{"line":29,"column":6},"end":{"line":29,"column":67}},"22":{"start":{"line":31,"column":4},"end":{"line":31,"column":49}},"23":{"start":{"line":32,"column":4},"end":{"line":32,"column":52}},"24":{"start":{"line":34,"column":4},"end":{"line":34,"column":47}},"25":{"start":{"line":38,"column":0},"end":{"line":47,"column":2}},"26":{"start":{"line":39,"column":2},"end":{"line":46,"column":3}},"27":{"start":{"line":40,"column":17},"end":{"line":40,"column":51}},"28":{"start":{"line":41,"column":4},"end":{"line":41,"column":81}},"29":{"start":{"line":41,"column":15},"end":{"line":41,"column":81}},"30":{"start":{"line":42,"column":4},"end":{"line":42,"column":25}},"31":{"start":{"line":43,"column":4},"end":{"line":43,"column":50}},"32":{"start":{"line":45,"column":4},"end":{"line":45,"column":47}}},"fnMap":{"0":{"name":"(anonymous_0)","decl":{"start":{"line":4,"column":22},"end":{"line":4,"column":23}},"loc":{"start":{"line":4,"column":42},"end":{"line":11,"column":1}},"line":4},"1":{"name":"(anonymous_1)","decl":{"start":{"line":13,"column":22},"end":{"line":13,"column":23}},"loc":{"start":{"line":13,"column":42},"end":{"line":21,"column":1}},"line":13},"2":{"name":"(anonymous_2)","decl":{"start":{"line":23,"column":21},"end":{"line":23,"column":22}},"loc":{"start":{"line":23,"column":41},"end":{"line":36,"column":1}},"line":23},"3":{"name":"(anonymous_3)","decl":{"start":{"line":38,"column":21},"end":{"line":38,"column":22}},"loc":{"start":{"line":38,"column":41},"end":{"line":47,"column":1}},"line":38}},"branchMap":{"0":{"loc":{"start":{"line":16,"column":4},"end":{"line":16,"column":81}},"type":"if","locations":[{"start":{"line":16,"column":4},"end":{"line":16,"column":81}},{"start":{},"end":{}}],"line":16},"1":{"loc":{"start":{"line":27,"column":4},"end":{"line":27,"column":81}},"type":"if","locations":[{"start":{"line":27,"column":4},"end":{"line":27,"column":81}},{"start":{},"end":{}}],"line":27},"2":{"loc":{"start":{"line":28,"column":4},"end":{"line":30,"column":5}},"type":"if","locations":[{"start":{"line":28,"column":4},"end":{"line":30,"column":5}},{"start":{},"end":{}}],"line":28},"3":{"loc":{"start":{"line":28,"column":8},"end":{"line":28,"column":52}},"type":"binary-expr","locations":[{"start":{"line":28,"column":8},"end":{"line":28,"column":12}},{"start":{"line":28,"column":16},"end":{"line":28,"column":52}}],"line":28},"4":{"loc":{"start":{"line":41,"column":4},"end":{"line":41,"column":81}},"type":"if","locations":[{"start":{"line":41,"column":4},"end":{"line":41,"column":81}},{"start":{},"end":{}}],"line":41}},"s":{"0":0,"1":0,"2":0,"3":0,"4":0,"5":0,"6":0,"7":0,"8":0,"9":0,"10":0,"11":0,"12":0,"13":0,"14":0,"15":0,"16":0,"17":0,"18":0,"19":0,"20":0,"21":0,"22":0,"23":0,"24":0,"25":0,"26":0,"27":0,"28":0,"29":0,"30":0,"31":0,"32":0},"f":{"0":0,"1":0,"2":0,"3":0},"b":{"0":[0,0],"1":[0,0],"2":[0,0],"3":[0,0],"4":[0,0]}}
,"D:\\МИРЭА\\Фреймворк\\defect-management-system\\backend\\src\\middleware\\auth.js": {"path":"D:\\МИРЭА\\Фреймворк\\defect-management-system\\backend\\src\\middleware\\auth.js","statementMap":{"0":{"start":{"line":1,"column":12},"end":{"line":1,"column":35}},"1":{"start":{"line":2,"column":18},"end":{"line":2,"column":42}},"2":{"start":{"line":4,"column":0},"end":{"line":15,"column":2}},"3":{"start":{"line":5,"column":21},"end":{"line":5,"column":46}},"4":{"start":{"line":6,"column":2},"end":{"line":6,"column":72}},"5":{"start":{"line":6,"column":19},"end":{"line":6,"column":72}},"6":{"start":{"line":7,"column":16},"end":{"line":7,"column":40}},"7":{"start":{"line":8,"column":2},"end":{"line":14,"column":3}},"8":{"start":{"line":9,"column":20},"end":{"line":9,"column":55}},"9":{"start":{"line":10,"column":4},"end":{"line":10,"column":23}},"10":{"start":{"line":11,"column":4},"end":{"line":11,"column":11}},"11":{"start":{"line":13,"column":4},"end":{"line":13,"column":54}}},"fnMap":{"0":{"name":"(anonymous_0)","decl":{"start":{"line":4,"column":17},"end":{"line":4,"column":18}},"loc":{"start":{"line":4,"column":37},"end":{"line":15,"column":1}},"line":4}},"branchMap":{"0":{"loc":{"start":{"line":6,"column":2},"end":{"line":6,"column":72}},"type":"if","locations":[{"start":{"line":6,"column":2},"end":{"line":6,"column":72}},{"start":{},"end":{}}],"line":6}},"s":{"0":0,"1":0,"2":0,"3":0,"4":0,"5":0,"6":0,"7":0,"8":0,"9":0,"10":0,"11":0},"f":{"0":0},"b":{"0":[0,0]}}
,"D:\\МИРЭА\\Фреймворк\\defect-management-system\\backend\\src\\middleware\\errorHandler.js": {"path":"D:\\МИРЭА\\Фреймворк\\defect-management-system\\backend\\src\\middleware\\errorHandler.js","statementMap":{"0":{"start":{"line":1,"column":0},"end":{"line":4,"column":2}},"1":{"start":{"line":2,"column":2},"end":{"line":2,"column":21}},"2":{"start":{"line":3,"column":2},"end":{"line":3,"column":92}}},"fnMap":{"0":{"name":"(anonymous_0)","decl":{"start":{"line":1,"column":17},"end":{"line":1,"column":18}},"loc":{"start":{"line":1,"column":42},"end":{"line":4,"column":1}},"line":1}},"branchMap":{"0":{"loc":{"start":{"line":3,"column":13},"end":{"line":3,"column":30}},"type":"binary-expr","locations":[{"start":{"line":3,"column":13},"end":{"line":3,"column":23}},{"start":{"line":3,"column":27},"end":{"line":3,"column":30}}],"line":3},"1":{"loc":{"start":{"line":3,"column":46},"end":{"line":3,"column":88}},"type":"binary-expr","locations":[{"start":{"line":3,"column":46},"end":{"line":3,"column":57}},{"start":{"line":3,"column":61},"end":{"line":3,"column":88}}],"line":3}},"s":{"0":0,"1":0,"2":0},"f":{"0":0},"b":{"0":[0,0],"1":[0,0]}}
,"D:\\МИРЭА\\Фреймворк\\defect-management-system\\backend\\src\\middleware\\roles.js": {"path":"D:\\МИРЭА\\Фреймворк\\defect-management-system\\backend\\src\\middleware\\roles.js","statementMap":{"0":{"start":{"line":1,"column":0},"end":{"line":6,"column":2}},"1":{"start":{"line":1,"column":28},"end":{"line":6,"column":1}},"2":{"start":{"line":2,"column":2},"end":{"line":4,"column":3}},"3":{"start":{"line":3,"column":4},"end":{"line":3,"column":58}},"4":{"start":{"line":5,"column":2},"end":{"line":5,"column":9}}},"fnMap":{"0":{"name":"(anonymous_0)","decl":{"start":{"line":1,"column":17},"end":{"line":1,"column":18}},"loc":{"start":{"line":1,"column":28},"end":{"line":6,"column":1}},"line":1},"1":{"name":"(anonymous_1)","decl":{"start":{"line":1,"column":28},"end":{"line":1,"column":29}},"loc":{"start":{"line":1,"column":48},"end":{"line":6,"column":1}},"line":1}},"branchMap":{"0":{"loc":{"start":{"line":2,"column":2},"end":{"line":4,"column":3}},"type":"if","locations":[{"start":{"line":2,"column":2},"end":{"line":4,"column":3}},{"start":{},"end":{}}],"line":2},"1":{"loc":{"start":{"line":2,"column":6},"end":{"line":2,"column":49}},"type":"binary-expr","locations":[{"start":{"line":2,"column":6},"end":{"line":2,"column":15}},{"start":{"line":2,"column":19},"end":{"line":2,"column":49}}],"line":2}},"s":{"0":0,"1":0,"2":0,"3":0,"4":0},"f":{"0":0,"1":0},"b":{"0":[0,0],"1":[0,0]}}
,"D:\\МИРЭА\\Фреймворк\\defect-management-system\\backend\\src\\models\\attachment.js": {"path":"D:\\МИРЭА\\Фреймворк\\defect-management-system\\backend\\src\\models\\attachment.js","statementMap":{"0":{"start":{"line":1,"column":22},"end":{"line":1,"column":42}},"1":{"start":{"line":2,"column":18},"end":{"line":2,"column":41}},"2":{"start":{"line":4,"column":19},"end":{"line":7,"column":2}},"3":{"start":{"line":9,"column":0},"end":{"line":9,"column":28}}},"fnMap":{},"branchMap":{},"s":{"0":0,"1":0,"2":0,"3":0},"f":{},"b":{}}
,"D:\\МИРЭА\\Фреймворк\\defect-management-system\\backend\\src\\models\\defect.js": {"path":"D:\\МИРЭА\\Фреймворк\\defect-management-system\\backend\\src\\models\\defect.js","statementMap":{"0":{"start":{"line":1,"column":22},"end":{"line":1,"column":42}},"1":{"start":{"line":2,"column":18},"end":{"line":2,"column":41}},"2":{"start":{"line":4,"column":15},"end":{"line":10,"column":2}},"3":{"start":{"line":12,"column":0},"end":{"line":12,"column":24}}},"fnMap":{},"branchMap":{},"s":{"0":0,"1":0,"2":0,"3":0},"f":{},"b":{}}
,"D:\\МИРЭА\\Фреймворк\\defect-management-system\\backend\\src\\models\\index.js": {"path":"D:\\МИРЭА\\Фреймворк\\defect-management-system\\backend\\src\\models\\index.js","statementMap":{"0":{"start":{"line":1,"column":18},"end":{"line":1,"column":41}},"1":{"start":{"line":2,"column":13},"end":{"line":2,"column":30}},"2":{"start":{"line":3,"column":16},"end":{"line":3,"column":36}},"3":{"start":{"line":4,"column":15},"end":{"line":4,"column":34}},"4":{"start":{"line":5,"column":19},"end":{"line":5,"column":42}},"5":{"start":{"line":8,"column":0},"end":{"line":8,"column":68}},"6":{"start":{"line":9,"column":0},"end":{"line":9,"column":70}},"7":{"start":{"line":11,"column":0},"end":{"line":11,"column":74}},"8":{"start":{"line":12,"column":0},"end":{"line":12,"column":69}},"9":{"start":{"line":14,"column":0},"end":{"line":14,"column":74}},"10":{"start":{"line":15,"column":0},"end":{"line":15,"column":71}},"11":{"start":{"line":17,"column":0},"end":{"line":17,"column":74}},"12":{"start":{"line":18,"column":0},"end":{"line":18,"column":57}},"13":{"start":{"line":20,"column":0},"end":{"line":26,"column":2}}},"fnMap":{},"branchMap":{},"s":{"0":0,"1":0,"2":0,"3":0,"4":0,"5":0,"6":0,"7":0,"8":0,"9":0,"10":0,"11":0,"12":0,"13":0},"f":{},"b":{}}
,"D:\\МИРЭА\\Фреймворк\\defect-management-system\\backend\\src\\models\\project.js": {"path":"D:\\МИРЭА\\Фреймворк\\defect-management-system\\backend\\src\\models\\project.js","statementMap":{"0":{"start":{"line":1,"column":22},"end":{"line":1,"column":42}},"1":{"start":{"line":2,"column":18},"end":{"line":2,"column":41}},"2":{"start":{"line":4,"column":16},"end":{"line":8,"column":2}},"3":{"start":{"line":10,"column":0},"end":{"line":10,"column":25}}},"fnMap":{},"branchMap":{},"s":{"0":0,"1":0,"2":0,"3":0},"f":{},"b":{}}
,"D:\\МИРЭА\\Фреймворк\\defect-management-system\\backend\\src\\models\\user.js": {"path":"D:\\МИРЭА\\Фреймворк\\defect-management-system\\backend\\src\\models\\user.js","statementMap":{"0":{"start":{"line":1,"column":22},"end":{"line":1,"column":42}},"1":{"start":{"line":2,"column":18},"end":{"line":2,"column":41}},"2":{"start":{"line":3,"column":14},"end":{"line":3,"column":40}},"3":{"start":{"line":5,"column":13},"end":{"line":11,"column":2}},"4":{"start":{"line":13,"column":0},"end":{"line":13,"column":22}}},"fnMap":{},"branchMap":{},"s":{"0":0,"1":0,"2":0,"3":0,"4":0},"f":{},"b":{}}
,"D:\\МИРЭА\\Фреймворк\\defect-management-system\\backend\\src\\routes\\authRoutes.js": {"path":"D:\\МИРЭА\\Фреймворк\\defect-management-system\\backend\\src\\routes\\authRoutes.js","statementMap":{"0":{"start":{"line":1,"column":16},"end":{"line":1,"column":34}},"1":{"start":{"line":2,"column":15},"end":{"line":2,"column":31}},"2":{"start":{"line":3,"column":23},"end":{"line":3,"column":63}},"3":{"start":{"line":5,"column":0},"end":{"line":5,"column":50}},"4":{"start":{"line":6,"column":0},"end":{"line":6,"column":44}},"5":{"start":{"line":8,"column":0},"end":{"line":8,"column":24}}},"fnMap":{},"branchMap":{},"s":{"0":0,"1":0,"2":0,"3":0,"4":0,"5":0},"f":{},"b":{}}
,"D:\\МИРЭА\\Фреймворк\\defect-management-system\\backend\\src\\routes\\defectRoutes.js": {"path":"D:\\МИРЭА\\Фреймворк\\defect-management-system\\backend\\src\\routes\\defectRoutes.js","statementMap":{"0":{"start":{"line":1,"column":16},"end":{"line":1,"column":34}},"1":{"start":{"line":2,"column":15},"end":{"line":2,"column":31}},"2":{"start":{"line":3,"column":25},"end":{"line":3,"column":67}},"3":{"start":{"line":4,"column":13},"end":{"line":4,"column":42}},"4":{"start":{"line":5,"column":15},"end":{"line":5,"column":46}},"5":{"start":{"line":7,"column":0},"end":{"line":7,"column":54}},"6":{"start":{"line":8,"column":0},"end":{"line":8,"column":57}},"7":{"start":{"line":9,"column":0},"end":{"line":9,"column":54}},"8":{"start":{"line":10,"column":0},"end":{"line":10,"column":56}},"9":{"start":{"line":11,"column":0},"end":{"line":11,"column":59}},"10":{"start":{"line":13,"column":0},"end":{"line":13,"column":93}},"11":{"start":{"line":15,"column":0},"end":{"line":15,"column":24}}},"fnMap":{},"branchMap":{},"s":{"0":0,"1":0,"2":0,"3":0,"4":0,"5":0,"6":0,"7":0,"8":0,"9":0,"10":0,"11":0},"f":{},"b":{}}
,"D:\\МИРЭА\\Фреймворк\\defect-management-system\\backend\\src\\routes\\projectRoutes.js": {"path":"D:\\МИРЭА\\Фреймворк\\defect-management-system\\backend\\src\\routes\\projectRoutes.js","statementMap":{"0":{"start":{"line":1,"column":16},"end":{"line":1,"column":34}},"1":{"start":{"line":2,"column":15},"end":{"line":2,"column":31}},"2":{"start":{"line":3,"column":26},"end":{"line":3,"column":69}},"3":{"start":{"line":4,"column":13},"end":{"line":4,"column":42}},"4":{"start":{"line":5,"column":14},"end":{"line":5,"column":44}},"5":{"start":{"line":7,"column":0},"end":{"line":7,"column":56}},"6":{"start":{"line":8,"column":0},"end":{"line":8,"column":59}},"7":{"start":{"line":9,"column":0},"end":{"line":9,"column":76}},"8":{"start":{"line":10,"column":0},"end":{"line":10,"column":78}},"9":{"start":{"line":11,"column":0},"end":{"line":11,"column":81}},"10":{"start":{"line":13,"column":0},"end":{"line":13,"column":24}}},"fnMap":{},"branchMap":{},"s":{"0":0,"1":0,"2":0,"3":0,"4":0,"5":0,"6":0,"7":0,"8":0,"9":0,"10":0},"f":{},"b":{}}
,"D:\\МИРЭА\\Фреймворк\\defect-management-system\\backend\\src\\routes\\reportRoutes.js": {"path":"D:\\МИРЭА\\Фреймворк\\defect-management-system\\backend\\src\\routes\\reportRoutes.js","statementMap":{"0":{"start":{"line":1,"column":16},"end":{"line":1,"column":34}},"1":{"start":{"line":2,"column":15},"end":{"line":2,"column":31}},"2":{"start":{"line":3,"column":25},"end":{"line":3,"column":67}},"3":{"start":{"line":4,"column":13},"end":{"line":4,"column":42}},"4":{"start":{"line":5,"column":14},"end":{"line":5,"column":44}},"5":{"start":{"line":8,"column":0},"end":{"line":8,"column":76}},"6":{"start":{"line":11,"column":0},"end":{"line":11,"column":87}},"7":{"start":{"line":14,"column":0},"end":{"line":14,"column":100}},"8":{"start":{"line":16,"column":0},"end":{"line":16,"column":24}}},"fnMap":{},"branchMap":{},"s":{"0":0,"1":0,"2":0,"3":0,"4":0,"5":0,"6":0,"7":0,"8":0},"f":{},"b":{}}
,"D:\\МИРЭА\\Фреймворк\\defect-management-system\\backend\\src\\routes\\userRoutes.js": {"path":"D:\\МИРЭА\\Фреймворк\\defect-management-system\\backend\\src\\routes\\userRoutes.js","statementMap":{"0":{"start":{"line":1,"column":16},"end":{"line":1,"column":34}},"1":{"start":{"line":2,"column":15},"end":{"line":2,"column":31}},"2":{"start":{"line":3,"column":23},"end":{"line":3,"column":63}},"3":{"start":{"line":4,"column":13},"end":{"line":4,"column":42}},"4":{"start":{"line":5,"column":14},"end":{"line":5,"column":44}},"5":{"start":{"line":8,"column":0},"end":{"line":8,"column":82}},"6":{"start":{"line":9,"column":0},"end":{"line":9,"column":53}},"7":{"start":{"line":10,"column":0},"end":{"line":10,"column":52}},"8":{"start":{"line":11,"column":0},"end":{"line":11,"column":75}},"9":{"start":{"line":13,"column":0},"end":{"line":13,"column":24}}},"fnMap":{},"branchMap":{},"s":{"0":0,"1":0,"2":0,"3":0,"4":0,"5":0,"6":0,"7":0,"8":0,"9":0},"f":{},"b":{}}
}
